[2022-03-30 16:48:09.148] [exthost] [info] extension host started
[2022-03-30 16:48:09.973] [exthost] [info] extension host started
[2022-03-30 16:48:10.241] [exthost] [info] ExtensionService#_doActivateExtension vscode.grunt {"startup":false,"extensionId":{"value":"vscode.grunt","_lower":"vscode.grunt"},"activationEvent":"onCommand:workbench.action.tasks.runTask"}
[2022-03-30 16:48:10.243] [exthost] [info] ExtensionService#loadCommonJSModule file:///c:/node_modules/angular-ide/angular-ide/plugins/com.genuitec.eclipse.code.engine.app.win32.x86_64_3.6.0.202002212104/engine/resources/app/extensions/grunt/dist/main
[2022-03-30 16:48:10.303] [exthost] [info] ExtensionService#_doActivateExtension vscode.gulp {"startup":false,"extensionId":{"value":"vscode.gulp","_lower":"vscode.gulp"},"activationEvent":"onCommand:workbench.action.tasks.runTask"}
[2022-03-30 16:48:10.304] [exthost] [info] ExtensionService#loadCommonJSModule file:///c:/node_modules/angular-ide/angular-ide/plugins/com.genuitec.eclipse.code.engine.app.win32.x86_64_3.6.0.202002212104/engine/resources/app/extensions/gulp/dist/main
[2022-03-30 16:48:10.418] [exthost] [info] ExtensionService#_doActivateExtension vscode.jake {"startup":false,"extensionId":{"value":"vscode.jake","_lower":"vscode.jake"},"activationEvent":"onCommand:workbench.action.tasks.runTask"}
[2022-03-30 16:48:10.419] [exthost] [info] ExtensionService#loadCommonJSModule file:///c:/node_modules/angular-ide/angular-ide/plugins/com.genuitec.eclipse.code.engine.app.win32.x86_64_3.6.0.202002212104/engine/resources/app/extensions/jake/dist/main
[2022-03-30 16:48:10.473] [exthost] [info] ExtensionService#_doActivateExtension vscode.npm {"startup":false,"extensionId":{"value":"vscode.npm","_lower":"vscode.npm"},"activationEvent":"onCommand:workbench.action.tasks.runTask"}
[2022-03-30 16:48:10.473] [exthost] [info] ExtensionService#loadCommonJSModule file:///c:/node_modules/angular-ide/angular-ide/plugins/com.genuitec.eclipse.code.engine.app.win32.x86_64_3.6.0.202002212104/engine/resources/app/extensions/npm/dist/main
[2022-03-30 16:48:10.546] [exthost] [info] ExtensionService#_doActivateExtension vscode.typescript-language-features {"startup":false,"extensionId":{"value":"vscode.typescript-language-features","_lower":"vscode.typescript-language-features"},"activationEvent":"onCommand:workbench.action.tasks.runTask"}
[2022-03-30 16:48:10.546] [exthost] [info] ExtensionService#loadCommonJSModule file:///c:/node_modules/angular-ide/angular-ide/plugins/com.genuitec.eclipse.code.engine.app.win32.x86_64_3.6.0.202002212104/engine/resources/app/extensions/typescript-language-features/dist/extension
[2022-03-30 16:48:10.711] [exthost] [info] ExtensionService#_doActivateExtension HookyQR.beautify {"startup":true,"extensionId":{"value":"HookyQR.beautify","_lower":"hookyqr.beautify"},"activationEvent":"*"}
[2022-03-30 16:48:10.711] [exthost] [info] ExtensionService#loadCommonJSModule file:///c:/node_modules/angular-ide/angular-ide/plugins/pack.core.win_3.6.0.202007171759/HookyQR.beautify-1.4.11/extension
[2022-03-30 16:48:11.126] [exthost] [info] ExtensionService#_doActivateExtension christian-kohler.path-intellisense {"startup":true,"extensionId":{"value":"christian-kohler.path-intellisense","_lower":"christian-kohler.path-intellisense"},"activationEvent":"*"}
[2022-03-30 16:48:11.126] [exthost] [info] ExtensionService#loadCommonJSModule file:///c:/node_modules/angular-ide/angular-ide/plugins/pack.core.win_3.6.0.202007171759/christian-kohler.path-intellisense-1.4.2/out/src/extension
[2022-03-30 16:48:11.221] [exthost] [info] ExtensionService#_doActivateExtension dbaeumer.vscode-eslint {"startup":true,"extensionId":{"value":"dbaeumer.vscode-eslint","_lower":"dbaeumer.vscode-eslint"},"activationEvent":"*"}
[2022-03-30 16:48:11.222] [exthost] [info] ExtensionService#loadCommonJSModule file:///c:/node_modules/angular-ide/angular-ide/plugins/pack.core.win_3.6.0.202007171759/dbaeumer.vscode-eslint-1.9.0/client/out/extension
[2022-03-30 16:48:11.300] [exthost] [info] ExtensionService#_doActivateExtension vscode.debug-auto-launch {"startup":true,"extensionId":{"value":"vscode.debug-auto-launch","_lower":"vscode.debug-auto-launch"},"activationEvent":"*"}
[2022-03-30 16:48:11.301] [exthost] [info] ExtensionService#loadCommonJSModule file:///c:/node_modules/angular-ide/angular-ide/plugins/com.genuitec.eclipse.code.engine.app.win32.x86_64_3.6.0.202002212104/engine/resources/app/extensions/debug-auto-launch/dist/extension
[2022-03-30 16:48:11.316] [exthost] [info] ExtensionService#_doActivateExtension vscode.emmet {"startup":true,"extensionId":{"value":"vscode.emmet","_lower":"vscode.emmet"},"activationEvent":"*"}
[2022-03-30 16:48:11.316] [exthost] [info] ExtensionService#loadCommonJSModule file:///c:/node_modules/angular-ide/angular-ide/plugins/com.genuitec.eclipse.code.engine.app.win32.x86_64_3.6.0.202002212104/engine/resources/app/extensions/emmet/dist/extension
[2022-03-30 16:48:11.402] [exthost] [info] ExtensionService#_doActivateExtension formulahendry.auto-close-tag {"startup":true,"extensionId":{"value":"formulahendry.auto-close-tag","_lower":"formulahendry.auto-close-tag"},"activationEvent":"*"}
[2022-03-30 16:48:11.403] [exthost] [info] ExtensionService#loadCommonJSModule file:///c:/node_modules/angular-ide/angular-ide/plugins/pack.core.win_3.6.0.202007171759/formulahendry.auto-close-tag-0.5.6/out/src/extension
[2022-03-30 16:48:11.438] [exthost] [info] eager extensions activated
[2022-03-30 16:51:17.788] [exthost] [info] ExtensionService#_doActivateExtension vscode.configuration-editing {"startup":false,"extensionId":{"value":"vscode.configuration-editing","_lower":"vscode.configuration-editing"},"activationEvent":"onLanguage:jsonc"}
[2022-03-30 16:51:17.788] [exthost] [info] ExtensionService#loadCommonJSModule file:///c:/node_modules/angular-ide/angular-ide/plugins/com.genuitec.eclipse.code.engine.app.win32.x86_64_3.6.0.202002212104/engine/resources/app/extensions/configuration-editing/dist/extension
[2022-03-30 16:51:17.851] [exthost] [info] ExtensionService#_doActivateExtension vscode.json-language-features {"startup":false,"extensionId":{"value":"vscode.json-language-features","_lower":"vscode.json-language-features"},"activationEvent":"onLanguage:jsonc"}
[2022-03-30 16:51:17.852] [exthost] [info] ExtensionService#loadCommonJSModule file:///c:/node_modules/angular-ide/angular-ide/plugins/com.genuitec.eclipse.code.engine.app.win32.x86_64_3.6.0.202002212104/engine/resources/app/extensions/json-language-features/client/dist/jsonMain
[2022-03-30 16:52:04.917] [exthost] [info] ExtensionService#_doActivateExtension Angular.ng-template {"startup":false,"extensionId":{"value":"Angular.ng-template","_lower":"angular.ng-template"},"activationEvent":"onLanguage:typescript"}
[2022-03-30 16:52:04.917] [exthost] [info] ExtensionService#loadCommonJSModule file:///c:/node_modules/angular-ide/angular-ide/plugins/pack.angular.win_3.6.0.202007171759/Angular.ng-template-0.1000.2-cm/client
[2022-03-30 16:52:05.437] [exthost] [info] ExtensionService#_doActivateExtension vscode.extension-editing {"startup":false,"extensionId":{"value":"vscode.extension-editing","_lower":"vscode.extension-editing"},"activationEvent":"onLanguage:typescript"}
[2022-03-30 16:52:05.438] [exthost] [info] ExtensionService#loadCommonJSModule file:///c:/node_modules/angular-ide/angular-ide/plugins/com.genuitec.eclipse.code.engine.app.win32.x86_64_3.6.0.202002212104/engine/resources/app/extensions/extension-editing/dist/extension
[2022-03-30 16:52:05.494] [exthost] [info] ExtensionService#_doActivateExtension ms-vscode.vscode-typescript-tslint-plugin {"startup":false,"extensionId":{"value":"ms-vscode.vscode-typescript-tslint-plugin","_lower":"ms-vscode.vscode-typescript-tslint-plugin"},"activationEvent":"onLanguage:typescript"}
[2022-03-30 16:52:05.494] [exthost] [info] ExtensionService#loadCommonJSModule file:///c:/node_modules/angular-ide/angular-ide/plugins/pack.core.win_3.6.0.202007171759/ms-vscode.vscode-typescript-tslint-plugin-1.2.2/out/index.js
[2022-03-30 16:53:39.988] [exthost] [error] [vscode.typescript-language-features] provider FAILED
[2022-03-30 16:53:39.989] [exthost] [error] Error: DisposableStore is missing...
	at SuggestAdapter._convertCompletionItem (c:\node_modules\angular-ide\angular-ide\plugins\com.genuitec.eclipse.code.engine.app.win32.x86_64_3.6.0.202002212104\engine\resources\app\out\vs\workbench\services\extensions\node\extensionHostProcess.js:38370:23)
	at c:\node_modules\angular-ide\angular-ide\plugins\com.genuitec.eclipse.code.engine.app.win32.x86_64_3.6.0.202002212104\engine\resources\app\out\vs\workbench\services\extensions\node\extensionHostProcess.js:38355:29
[2022-03-30 16:55:18.089] [exthost] [error] [vscode.typescript-language-features] provider FAILED
[2022-03-30 16:55:18.090] [exthost] [error] Error: DisposableStore is missing...
	at SuggestAdapter._convertCompletionItem (c:\node_modules\angular-ide\angular-ide\plugins\com.genuitec.eclipse.code.engine.app.win32.x86_64_3.6.0.202002212104\engine\resources\app\out\vs\workbench\services\extensions\node\extensionHostProcess.js:38370:23)
	at c:\node_modules\angular-ide\angular-ide\plugins\com.genuitec.eclipse.code.engine.app.win32.x86_64_3.6.0.202002212104\engine\resources\app\out\vs\workbench\services\extensions\node\extensionHostProcess.js:38355:29
[2022-03-30 16:55:19.008] [exthost] [error] [vscode.typescript-language-features] provider FAILED
[2022-03-30 16:55:19.008] [exthost] [error] Error: DisposableStore is missing...
	at SuggestAdapter._convertCompletionItem (c:\node_modules\angular-ide\angular-ide\plugins\com.genuitec.eclipse.code.engine.app.win32.x86_64_3.6.0.202002212104\engine\resources\app\out\vs\workbench\services\extensions\node\extensionHostProcess.js:38370:23)
	at c:\node_modules\angular-ide\angular-ide\plugins\com.genuitec.eclipse.code.engine.app.win32.x86_64_3.6.0.202002212104\engine\resources\app\out\vs\workbench\services\extensions\node\extensionHostProcess.js:38355:29
[2022-03-30 16:57:29.924] [exthost] [error] [vscode.typescript-language-features] provider FAILED
[2022-03-30 16:57:29.924] [exthost] [error] Error: DisposableStore is missing...
	at SuggestAdapter._convertCompletionItem (c:\node_modules\angular-ide\angular-ide\plugins\com.genuitec.eclipse.code.engine.app.win32.x86_64_3.6.0.202002212104\engine\resources\app\out\vs\workbench\services\extensions\node\extensionHostProcess.js:38370:23)
	at c:\node_modules\angular-ide\angular-ide\plugins\com.genuitec.eclipse.code.engine.app.win32.x86_64_3.6.0.202002212104\engine\resources\app\out\vs\workbench\services\extensions\node\extensionHostProcess.js:38355:29
[2022-03-30 16:58:39.420] [exthost] [error] [vscode.typescript-language-features] provider FAILED
[2022-03-30 16:58:39.420] [exthost] [error] Error: DisposableStore is missing...
	at SuggestAdapter._convertCompletionItem (c:\node_modules\angular-ide\angular-ide\plugins\com.genuitec.eclipse.code.engine.app.win32.x86_64_3.6.0.202002212104\engine\resources\app\out\vs\workbench\services\extensions\node\extensionHostProcess.js:38370:23)
	at c:\node_modules\angular-ide\angular-ide\plugins\com.genuitec.eclipse.code.engine.app.win32.x86_64_3.6.0.202002212104\engine\resources\app\out\vs\workbench\services\extensions\node\extensionHostProcess.js:38355:29
[2022-03-30 16:59:19.794] [exthost] [error] [vscode.typescript-language-features] provider FAILED
[2022-03-30 16:59:19.794] [exthost] [error] Error: DisposableStore is missing...
	at SuggestAdapter._convertCompletionItem (c:\node_modules\angular-ide\angular-ide\plugins\com.genuitec.eclipse.code.engine.app.win32.x86_64_3.6.0.202002212104\engine\resources\app\out\vs\workbench\services\extensions\node\extensionHostProcess.js:38370:23)
	at c:\node_modules\angular-ide\angular-ide\plugins\com.genuitec.eclipse.code.engine.app.win32.x86_64_3.6.0.202002212104\engine\resources\app\out\vs\workbench\services\extensions\node\extensionHostProcess.js:38355:29
[2022-03-30 17:00:34.069] [exthost] [error] [vscode.typescript-language-features] provider FAILED
[2022-03-30 17:00:34.070] [exthost] [error] Error: DisposableStore is missing...
	at SuggestAdapter._convertCompletionItem (c:\node_modules\angular-ide\angular-ide\plugins\com.genuitec.eclipse.code.engine.app.win32.x86_64_3.6.0.202002212104\engine\resources\app\out\vs\workbench\services\extensions\node\extensionHostProcess.js:38370:23)
	at c:\node_modules\angular-ide\angular-ide\plugins\com.genuitec.eclipse.code.engine.app.win32.x86_64_3.6.0.202002212104\engine\resources\app\out\vs\workbench\services\extensions\node\extensionHostProcess.js:38355:29
[2022-03-30 17:06:29.525] [exthost] [info] ExtensionService#_doActivateExtension vscode.markdown-language-features {"startup":false,"extensionId":{"value":"vscode.markdown-language-features","_lower":"vscode.markdown-language-features"},"activationEvent":"onLanguage:markdown"}
[2022-03-30 17:06:29.528] [exthost] [info] ExtensionService#loadCommonJSModule file:///c:/node_modules/angular-ide/angular-ide/plugins/com.genuitec.eclipse.code.engine.app.win32.x86_64_3.6.0.202002212104/engine/resources/app/extensions/markdown-language-features/dist/extension
[2022-03-30 18:05:27.227] [exthost] [error] [vscode.typescript-language-features] provider FAILED
[2022-03-30 18:05:27.227] [exthost] [error] Error: DisposableStore is missing...
	at SuggestAdapter._convertCompletionItem (c:\node_modules\angular-ide\angular-ide\plugins\com.genuitec.eclipse.code.engine.app.win32.x86_64_3.6.0.202002212104\engine\resources\app\out\vs\workbench\services\extensions\node\extensionHostProcess.js:38370:23)
	at c:\node_modules\angular-ide\angular-ide\plugins\com.genuitec.eclipse.code.engine.app.win32.x86_64_3.6.0.202002212104\engine\resources\app\out\vs\workbench\services\extensions\node\extensionHostProcess.js:38355:29
[2022-03-30 18:06:39.586] [exthost] [error] [vscode.typescript-language-features] provider FAILED
[2022-03-30 18:06:39.586] [exthost] [error] Error: DisposableStore is missing...
	at SuggestAdapter._convertCompletionItem (c:\node_modules\angular-ide\angular-ide\plugins\com.genuitec.eclipse.code.engine.app.win32.x86_64_3.6.0.202002212104\engine\resources\app\out\vs\workbench\services\extensions\node\extensionHostProcess.js:38370:23)
	at c:\node_modules\angular-ide\angular-ide\plugins\com.genuitec.eclipse.code.engine.app.win32.x86_64_3.6.0.202002212104\engine\resources\app\out\vs\workbench\services\extensions\node\extensionHostProcess.js:38355:29
[2022-03-30 18:13:49.894] [exthost] [error] [vscode.typescript-language-features] provider FAILED
[2022-03-30 18:13:49.895] [exthost] [error] Error: DisposableStore is missing...
	at SuggestAdapter._convertCompletionItem (c:\node_modules\angular-ide\angular-ide\plugins\com.genuitec.eclipse.code.engine.app.win32.x86_64_3.6.0.202002212104\engine\resources\app\out\vs\workbench\services\extensions\node\extensionHostProcess.js:38370:23)
	at c:\node_modules\angular-ide\angular-ide\plugins\com.genuitec.eclipse.code.engine.app.win32.x86_64_3.6.0.202002212104\engine\resources\app\out\vs\workbench\services\extensions\node\extensionHostProcess.js:38355:29
[2022-03-30 18:20:45.537] [exthost] [error] [vscode.typescript-language-features] provider FAILED
[2022-03-30 18:20:45.538] [exthost] [error] Error: DisposableStore is missing...
	at SuggestAdapter._convertCompletionItem (c:\node_modules\angular-ide\angular-ide\plugins\com.genuitec.eclipse.code.engine.app.win32.x86_64_3.6.0.202002212104\engine\resources\app\out\vs\workbench\services\extensions\node\extensionHostProcess.js:38370:23)
	at c:\node_modules\angular-ide\angular-ide\plugins\com.genuitec.eclipse.code.engine.app.win32.x86_64_3.6.0.202002212104\engine\resources\app\out\vs\workbench\services\extensions\node\extensionHostProcess.js:38355:29
[2022-03-30 18:23:57.533] [exthost] [error] [vscode.typescript-language-features] provider FAILED
[2022-03-30 18:23:57.533] [exthost] [error] Error: DisposableStore is missing...
	at SuggestAdapter._convertCompletionItem (c:\node_modules\angular-ide\angular-ide\plugins\com.genuitec.eclipse.code.engine.app.win32.x86_64_3.6.0.202002212104\engine\resources\app\out\vs\workbench\services\extensions\node\extensionHostProcess.js:38370:23)
	at c:\node_modules\angular-ide\angular-ide\plugins\com.genuitec.eclipse.code.engine.app.win32.x86_64_3.6.0.202002212104\engine\resources\app\out\vs\workbench\services\extensions\node\extensionHostProcess.js:38355:29
[2022-03-30 18:25:01.790] [exthost] [error] [vscode.typescript-language-features] provider FAILED
[2022-03-30 18:25:01.790] [exthost] [error] Error: DisposableStore is missing...
	at SuggestAdapter._convertCompletionItem (c:\node_modules\angular-ide\angular-ide\plugins\com.genuitec.eclipse.code.engine.app.win32.x86_64_3.6.0.202002212104\engine\resources\app\out\vs\workbench\services\extensions\node\extensionHostProcess.js:38370:23)
	at c:\node_modules\angular-ide\angular-ide\plugins\com.genuitec.eclipse.code.engine.app.win32.x86_64_3.6.0.202002212104\engine\resources\app\out\vs\workbench\services\extensions\node\extensionHostProcess.js:38355:29
[2022-03-30 18:40:51.495] [exthost] [error] [vscode.typescript-language-features] provider FAILED
[2022-03-30 18:40:51.496] [exthost] [error] Error: DisposableStore is missing...
	at SuggestAdapter._convertCompletionItem (c:\node_modules\angular-ide\angular-ide\plugins\com.genuitec.eclipse.code.engine.app.win32.x86_64_3.6.0.202002212104\engine\resources\app\out\vs\workbench\services\extensions\node\extensionHostProcess.js:38370:23)
	at c:\node_modules\angular-ide\angular-ide\plugins\com.genuitec.eclipse.code.engine.app.win32.x86_64_3.6.0.202002212104\engine\resources\app\out\vs\workbench\services\extensions\node\extensionHostProcess.js:38355:29
[2022-03-30 18:49:26.694] [exthost] [error] [vscode.typescript-language-features] provider FAILED
[2022-03-30 18:49:26.695] [exthost] [error] Error: DisposableStore is missing...
	at SuggestAdapter._convertCompletionItem (c:\node_modules\angular-ide\angular-ide\plugins\com.genuitec.eclipse.code.engine.app.win32.x86_64_3.6.0.202002212104\engine\resources\app\out\vs\workbench\services\extensions\node\extensionHostProcess.js:38370:23)
	at c:\node_modules\angular-ide\angular-ide\plugins\com.genuitec.eclipse.code.engine.app.win32.x86_64_3.6.0.202002212104\engine\resources\app\out\vs\workbench\services\extensions\node\extensionHostProcess.js:38355:29
[2022-03-30 18:50:54.433] [exthost] [error] [vscode.typescript-language-features] provider FAILED
[2022-03-30 18:50:54.434] [exthost] [error] Error: DisposableStore is missing...
	at SuggestAdapter._convertCompletionItem (c:\node_modules\angular-ide\angular-ide\plugins\com.genuitec.eclipse.code.engine.app.win32.x86_64_3.6.0.202002212104\engine\resources\app\out\vs\workbench\services\extensions\node\extensionHostProcess.js:38370:23)
	at c:\node_modules\angular-ide\angular-ide\plugins\com.genuitec.eclipse.code.engine.app.win32.x86_64_3.6.0.202002212104\engine\resources\app\out\vs\workbench\services\extensions\node\extensionHostProcess.js:38355:29
[2022-03-30 18:58:13.879] [exthost] [error] [vscode.typescript-language-features] provider FAILED
[2022-03-30 18:58:13.879] [exthost] [error] Error: DisposableStore is missing...
	at SuggestAdapter._convertCompletionItem (c:\node_modules\angular-ide\angular-ide\plugins\com.genuitec.eclipse.code.engine.app.win32.x86_64_3.6.0.202002212104\engine\resources\app\out\vs\workbench\services\extensions\node\extensionHostProcess.js:38370:23)
	at c:\node_modules\angular-ide\angular-ide\plugins\com.genuitec.eclipse.code.engine.app.win32.x86_64_3.6.0.202002212104\engine\resources\app\out\vs\workbench\services\extensions\node\extensionHostProcess.js:38355:29
[2022-03-30 19:02:12.390] [exthost] [info] ExtensionService#_doActivateExtension vscode.html-language-features {"startup":false,"extensionId":{"value":"vscode.html-language-features","_lower":"vscode.html-language-features"},"activationEvent":"onLanguage:html"}
[2022-03-30 19:02:12.395] [exthost] [info] ExtensionService#loadCommonJSModule file:///c:/node_modules/angular-ide/angular-ide/plugins/com.genuitec.eclipse.code.engine.app.win32.x86_64_3.6.0.202002212104/engine/resources/app/extensions/html-language-features/client/dist/htmlMain
[2022-03-30 19:02:12.899] [exthost] [info] ExtensionService#_doActivateExtension mkaufman.HTMLHint {"startup":false,"extensionId":{"value":"mkaufman.HTMLHint","_lower":"mkaufman.htmlhint"},"activationEvent":"onLanguage:html"}
[2022-03-30 19:02:12.900] [exthost] [info] ExtensionService#loadCommonJSModule file:///c:/node_modules/angular-ide/angular-ide/plugins/pack.core.win_3.6.0.202007171759/mkaufman.HTMLHint-0.6.0/out/extension
[2022-03-30 19:37:30.674] [exthost] [error] [vscode.typescript-language-features] provider FAILED
[2022-03-30 19:37:30.674] [exthost] [error] Error: DisposableStore is missing...
	at SuggestAdapter._convertCompletionItem (c:\node_modules\angular-ide\angular-ide\plugins\com.genuitec.eclipse.code.engine.app.win32.x86_64_3.6.0.202002212104\engine\resources\app\out\vs\workbench\services\extensions\node\extensionHostProcess.js:38370:23)
	at c:\node_modules\angular-ide\angular-ide\plugins\com.genuitec.eclipse.code.engine.app.win32.x86_64_3.6.0.202002212104\engine\resources\app\out\vs\workbench\services\extensions\node\extensionHostProcess.js:38355:29
[2022-03-30 19:37:32.391] [exthost] [error] [vscode.typescript-language-features] provider FAILED
[2022-03-30 19:37:32.391] [exthost] [error] Error: DisposableStore is missing...
	at SuggestAdapter._convertCompletionItem (c:\node_modules\angular-ide\angular-ide\plugins\com.genuitec.eclipse.code.engine.app.win32.x86_64_3.6.0.202002212104\engine\resources\app\out\vs\workbench\services\extensions\node\extensionHostProcess.js:38370:23)
	at c:\node_modules\angular-ide\angular-ide\plugins\com.genuitec.eclipse.code.engine.app.win32.x86_64_3.6.0.202002212104\engine\resources\app\out\vs\workbench\services\extensions\node\extensionHostProcess.js:38355:29
[2022-03-30 20:03:21.831] [exthost] [error] [vscode.typescript-language-features] provider FAILED
[2022-03-30 20:03:21.832] [exthost] [error] Error: DisposableStore is missing...
	at SuggestAdapter._convertCompletionItem (c:\node_modules\angular-ide\angular-ide\plugins\com.genuitec.eclipse.code.engine.app.win32.x86_64_3.6.0.202002212104\engine\resources\app\out\vs\workbench\services\extensions\node\extensionHostProcess.js:38370:23)
	at c:\node_modules\angular-ide\angular-ide\plugins\com.genuitec.eclipse.code.engine.app.win32.x86_64_3.6.0.202002212104\engine\resources\app\out\vs\workbench\services\extensions\node\extensionHostProcess.js:38355:29
[2022-03-30 21:18:10.179] [exthost] [error] [vscode.html-language-features] provider FAILED
[2022-03-30 21:18:10.183] [exthost] [error] Error: DisposableStore is missing...
	at SuggestAdapter._convertCompletionItem (c:\node_modules\angular-ide\angular-ide\plugins\com.genuitec.eclipse.code.engine.app.win32.x86_64_3.6.0.202002212104\engine\resources\app\out\vs\workbench\services\extensions\node\extensionHostProcess.js:38370:23)
	at c:\node_modules\angular-ide\angular-ide\plugins\com.genuitec.eclipse.code.engine.app.win32.x86_64_3.6.0.202002212104\engine\resources\app\out\vs\workbench\services\extensions\node\extensionHostProcess.js:38355:29
[2022-03-30 22:16:07.764] [exthost] [error] [vscode.typescript-language-features] provider FAILED
[2022-03-30 22:16:07.766] [exthost] [error] Error: DisposableStore is missing...
	at SuggestAdapter._convertCompletionItem (c:\node_modules\angular-ide\angular-ide\plugins\com.genuitec.eclipse.code.engine.app.win32.x86_64_3.6.0.202002212104\engine\resources\app\out\vs\workbench\services\extensions\node\extensionHostProcess.js:38370:23)
	at c:\node_modules\angular-ide\angular-ide\plugins\com.genuitec.eclipse.code.engine.app.win32.x86_64_3.6.0.202002212104\engine\resources\app\out\vs\workbench\services\extensions\node\extensionHostProcess.js:38355:29
[2022-03-30 22:47:37.828] [exthost] [error] [vscode.typescript-language-features] provider FAILED
[2022-03-30 22:47:37.830] [exthost] [error] Error: DisposableStore is missing...
	at SuggestAdapter._convertCompletionItem (c:\node_modules\angular-ide\angular-ide\plugins\com.genuitec.eclipse.code.engine.app.win32.x86_64_3.6.0.202002212104\engine\resources\app\out\vs\workbench\services\extensions\node\extensionHostProcess.js:38370:23)
	at c:\node_modules\angular-ide\angular-ide\plugins\com.genuitec.eclipse.code.engine.app.win32.x86_64_3.6.0.202002212104\engine\resources\app\out\vs\workbench\services\extensions\node\extensionHostProcess.js:38355:29
[2022-03-31 07:53:00.407] [exthost] [error] [vscode.typescript-language-features] provider FAILED
[2022-03-31 07:53:00.408] [exthost] [error] Error: DisposableStore is missing...
	at SuggestAdapter._convertCompletionItem (c:\node_modules\angular-ide\angular-ide\plugins\com.genuitec.eclipse.code.engine.app.win32.x86_64_3.6.0.202002212104\engine\resources\app\out\vs\workbench\services\extensions\node\extensionHostProcess.js:38370:23)
	at c:\node_modules\angular-ide\angular-ide\plugins\com.genuitec.eclipse.code.engine.app.win32.x86_64_3.6.0.202002212104\engine\resources\app\out\vs\workbench\services\extensions\node\extensionHostProcess.js:38355:29
[2022-03-31 07:54:05.497] [exthost] [error] [vscode.typescript-language-features] provider FAILED
[2022-03-31 07:54:05.497] [exthost] [error] Error: DisposableStore is missing...
	at SuggestAdapter._convertCompletionItem (c:\node_modules\angular-ide\angular-ide\plugins\com.genuitec.eclipse.code.engine.app.win32.x86_64_3.6.0.202002212104\engine\resources\app\out\vs\workbench\services\extensions\node\extensionHostProcess.js:38370:23)
	at c:\node_modules\angular-ide\angular-ide\plugins\com.genuitec.eclipse.code.engine.app.win32.x86_64_3.6.0.202002212104\engine\resources\app\out\vs\workbench\services\extensions\node\extensionHostProcess.js:38355:29
[2022-03-31 07:54:07.420] [exthost] [error] [vscode.typescript-language-features] provider FAILED
[2022-03-31 07:54:07.420] [exthost] [error] Error: DisposableStore is missing...
	at SuggestAdapter._convertCompletionItem (c:\node_modules\angular-ide\angular-ide\plugins\com.genuitec.eclipse.code.engine.app.win32.x86_64_3.6.0.202002212104\engine\resources\app\out\vs\workbench\services\extensions\node\extensionHostProcess.js:38370:23)
	at c:\node_modules\angular-ide\angular-ide\plugins\com.genuitec.eclipse.code.engine.app.win32.x86_64_3.6.0.202002212104\engine\resources\app\out\vs\workbench\services\extensions\node\extensionHostProcess.js:38355:29
[2022-03-31 08:08:25.520] [exthost] [error] [vscode.typescript-language-features] provider FAILED
[2022-03-31 08:08:25.520] [exthost] [error] Error: DisposableStore is missing...
	at SuggestAdapter._convertCompletionItem (c:\node_modules\angular-ide\angular-ide\plugins\com.genuitec.eclipse.code.engine.app.win32.x86_64_3.6.0.202002212104\engine\resources\app\out\vs\workbench\services\extensions\node\extensionHostProcess.js:38370:23)
	at c:\node_modules\angular-ide\angular-ide\plugins\com.genuitec.eclipse.code.engine.app.win32.x86_64_3.6.0.202002212104\engine\resources\app\out\vs\workbench\services\extensions\node\extensionHostProcess.js:38355:29
[2022-03-31 08:12:43.507] [exthost] [error] [vscode.typescript-language-features] provider FAILED
[2022-03-31 08:12:43.507] [exthost] [error] Error: DisposableStore is missing...
	at SuggestAdapter._convertCompletionItem (c:\node_modules\angular-ide\angular-ide\plugins\com.genuitec.eclipse.code.engine.app.win32.x86_64_3.6.0.202002212104\engine\resources\app\out\vs\workbench\services\extensions\node\extensionHostProcess.js:38370:23)
	at c:\node_modules\angular-ide\angular-ide\plugins\com.genuitec.eclipse.code.engine.app.win32.x86_64_3.6.0.202002212104\engine\resources\app\out\vs\workbench\services\extensions\node\extensionHostProcess.js:38355:29
[2022-03-31 09:25:09.924] [exthost] [error] [vscode.typescript-language-features] provider FAILED
[2022-03-31 09:25:09.926] [exthost] [error] Error: DisposableStore is missing...
	at SuggestAdapter._convertCompletionItem (c:\node_modules\angular-ide\angular-ide\plugins\com.genuitec.eclipse.code.engine.app.win32.x86_64_3.6.0.202002212104\engine\resources\app\out\vs\workbench\services\extensions\node\extensionHostProcess.js:38370:23)
	at c:\node_modules\angular-ide\angular-ide\plugins\com.genuitec.eclipse.code.engine.app.win32.x86_64_3.6.0.202002212104\engine\resources\app\out\vs\workbench\services\extensions\node\extensionHostProcess.js:38355:29
[2022-03-31 17:07:23.970] [exthost] [info] extension host started
[2022-03-31 17:07:24.261] [exthost] [info] ExtensionService#_doActivateExtension vscode.grunt {"startup":false,"extensionId":{"value":"vscode.grunt","_lower":"vscode.grunt"},"activationEvent":"onCommand:workbench.action.tasks.runTask"}
[2022-03-31 17:07:24.268] [exthost] [info] ExtensionService#loadCommonJSModule file:///c:/node_modules/angular-ide/angular-ide/plugins/com.genuitec.eclipse.code.engine.app.win32.x86_64_3.6.0.202002212104/engine/resources/app/extensions/grunt/dist/main
[2022-03-31 17:07:24.310] [exthost] [info] ExtensionService#_doActivateExtension vscode.gulp {"startup":false,"extensionId":{"value":"vscode.gulp","_lower":"vscode.gulp"},"activationEvent":"onCommand:workbench.action.tasks.runTask"}
[2022-03-31 17:07:24.311] [exthost] [info] ExtensionService#loadCommonJSModule file:///c:/node_modules/angular-ide/angular-ide/plugins/com.genuitec.eclipse.code.engine.app.win32.x86_64_3.6.0.202002212104/engine/resources/app/extensions/gulp/dist/main
[2022-03-31 17:07:24.448] [exthost] [info] ExtensionService#_doActivateExtension vscode.jake {"startup":false,"extensionId":{"value":"vscode.jake","_lower":"vscode.jake"},"activationEvent":"onCommand:workbench.action.tasks.runTask"}
[2022-03-31 17:07:24.448] [exthost] [info] ExtensionService#loadCommonJSModule file:///c:/node_modules/angular-ide/angular-ide/plugins/com.genuitec.eclipse.code.engine.app.win32.x86_64_3.6.0.202002212104/engine/resources/app/extensions/jake/dist/main
[2022-03-31 17:07:24.464] [exthost] [info] ExtensionService#_doActivateExtension vscode.npm {"startup":false,"extensionId":{"value":"vscode.npm","_lower":"vscode.npm"},"activationEvent":"onCommand:workbench.action.tasks.runTask"}
[2022-03-31 17:07:24.465] [exthost] [info] ExtensionService#loadCommonJSModule file:///c:/node_modules/angular-ide/angular-ide/plugins/com.genuitec.eclipse.code.engine.app.win32.x86_64_3.6.0.202002212104/engine/resources/app/extensions/npm/dist/main
[2022-03-31 17:07:24.700] [exthost] [info] ExtensionService#_doActivateExtension vscode.typescript-language-features {"startup":false,"extensionId":{"value":"vscode.typescript-language-features","_lower":"vscode.typescript-language-features"},"activationEvent":"onCommand:workbench.action.tasks.runTask"}
[2022-03-31 17:07:24.700] [exthost] [info] ExtensionService#loadCommonJSModule file:///c:/node_modules/angular-ide/angular-ide/plugins/com.genuitec.eclipse.code.engine.app.win32.x86_64_3.6.0.202002212104/engine/resources/app/extensions/typescript-language-features/dist/extension
[2022-03-31 17:07:25.169] [exthost] [info] ExtensionService#_doActivateExtension vscode.configuration-editing {"startup":false,"extensionId":{"value":"vscode.configuration-editing","_lower":"vscode.configuration-editing"},"activationEvent":"onLanguage:jsonc"}
[2022-03-31 17:07:25.169] [exthost] [info] ExtensionService#loadCommonJSModule file:///c:/node_modules/angular-ide/angular-ide/plugins/com.genuitec.eclipse.code.engine.app.win32.x86_64_3.6.0.202002212104/engine/resources/app/extensions/configuration-editing/dist/extension
[2022-03-31 17:07:25.209] [exthost] [info] ExtensionService#_doActivateExtension vscode.json-language-features {"startup":false,"extensionId":{"value":"vscode.json-language-features","_lower":"vscode.json-language-features"},"activationEvent":"onLanguage:jsonc"}
[2022-03-31 17:07:25.209] [exthost] [info] ExtensionService#loadCommonJSModule file:///c:/node_modules/angular-ide/angular-ide/plugins/com.genuitec.eclipse.code.engine.app.win32.x86_64_3.6.0.202002212104/engine/resources/app/extensions/json-language-features/client/dist/jsonMain
[2022-03-31 17:07:25.717] [exthost] [info] ExtensionService#_doActivateExtension Angular.ng-template {"startup":false,"extensionId":{"value":"Angular.ng-template","_lower":"angular.ng-template"},"activationEvent":"onLanguage:typescript"}
[2022-03-31 17:07:25.717] [exthost] [info] ExtensionService#loadCommonJSModule file:///c:/node_modules/angular-ide/angular-ide/plugins/pack.angular.win_3.6.0.202007171759/Angular.ng-template-0.1000.2-cm/client
[2022-03-31 17:07:27.319] [exthost] [info] ExtensionService#_doActivateExtension vscode.extension-editing {"startup":false,"extensionId":{"value":"vscode.extension-editing","_lower":"vscode.extension-editing"},"activationEvent":"onLanguage:typescript"}
[2022-03-31 17:07:27.320] [exthost] [info] ExtensionService#loadCommonJSModule file:///c:/node_modules/angular-ide/angular-ide/plugins/com.genuitec.eclipse.code.engine.app.win32.x86_64_3.6.0.202002212104/engine/resources/app/extensions/extension-editing/dist/extension
[2022-03-31 17:07:27.420] [exthost] [info] ExtensionService#_doActivateExtension ms-vscode.vscode-typescript-tslint-plugin {"startup":false,"extensionId":{"value":"ms-vscode.vscode-typescript-tslint-plugin","_lower":"ms-vscode.vscode-typescript-tslint-plugin"},"activationEvent":"onLanguage:typescript"}
[2022-03-31 17:07:27.420] [exthost] [info] ExtensionService#loadCommonJSModule file:///c:/node_modules/angular-ide/angular-ide/plugins/pack.core.win_3.6.0.202007171759/ms-vscode.vscode-typescript-tslint-plugin-1.2.2/out/index.js
[2022-03-31 17:07:27.549] [exthost] [info] ExtensionService#_doActivateExtension vscode.markdown-language-features {"startup":false,"extensionId":{"value":"vscode.markdown-language-features","_lower":"vscode.markdown-language-features"},"activationEvent":"onLanguage:markdown"}
[2022-03-31 17:07:27.549] [exthost] [info] ExtensionService#loadCommonJSModule file:///c:/node_modules/angular-ide/angular-ide/plugins/com.genuitec.eclipse.code.engine.app.win32.x86_64_3.6.0.202002212104/engine/resources/app/extensions/markdown-language-features/dist/extension
[2022-03-31 17:07:27.768] [exthost] [info] ExtensionService#_doActivateExtension vscode.emmet {"startup":false,"extensionId":{"value":"vscode.emmet","_lower":"vscode.emmet"},"activationEvent":"onLanguage:html"}
[2022-03-31 17:07:27.768] [exthost] [info] ExtensionService#loadCommonJSModule file:///c:/node_modules/angular-ide/angular-ide/plugins/com.genuitec.eclipse.code.engine.app.win32.x86_64_3.6.0.202002212104/engine/resources/app/extensions/emmet/dist/extension
[2022-03-31 17:07:27.929] [exthost] [info] ExtensionService#_doActivateExtension vscode.html-language-features {"startup":false,"extensionId":{"value":"vscode.html-language-features","_lower":"vscode.html-language-features"},"activationEvent":"onLanguage:html"}
[2022-03-31 17:07:27.929] [exthost] [info] ExtensionService#loadCommonJSModule file:///c:/node_modules/angular-ide/angular-ide/plugins/com.genuitec.eclipse.code.engine.app.win32.x86_64_3.6.0.202002212104/engine/resources/app/extensions/html-language-features/client/dist/htmlMain
[2022-03-31 17:07:28.119] [exthost] [info] ExtensionService#_doActivateExtension mkaufman.HTMLHint {"startup":false,"extensionId":{"value":"mkaufman.HTMLHint","_lower":"mkaufman.htmlhint"},"activationEvent":"onLanguage:html"}
[2022-03-31 17:07:28.120] [exthost] [info] ExtensionService#loadCommonJSModule file:///c:/node_modules/angular-ide/angular-ide/plugins/pack.core.win_3.6.0.202007171759/mkaufman.HTMLHint-0.6.0/out/extension
[2022-03-31 17:07:29.152] [exthost] [info] ExtensionService#_doActivateExtension HookyQR.beautify {"startup":true,"extensionId":{"value":"HookyQR.beautify","_lower":"hookyqr.beautify"},"activationEvent":"*"}
[2022-03-31 17:07:29.153] [exthost] [info] ExtensionService#loadCommonJSModule file:///c:/node_modules/angular-ide/angular-ide/plugins/pack.core.win_3.6.0.202007171759/HookyQR.beautify-1.4.11/extension
[2022-03-31 17:07:29.950] [exthost] [info] ExtensionService#_doActivateExtension christian-kohler.path-intellisense {"startup":true,"extensionId":{"value":"christian-kohler.path-intellisense","_lower":"christian-kohler.path-intellisense"},"activationEvent":"*"}
[2022-03-31 17:07:29.951] [exthost] [info] ExtensionService#loadCommonJSModule file:///c:/node_modules/angular-ide/angular-ide/plugins/pack.core.win_3.6.0.202007171759/christian-kohler.path-intellisense-1.4.2/out/src/extension
[2022-03-31 17:07:30.155] [exthost] [info] ExtensionService#_doActivateExtension dbaeumer.vscode-eslint {"startup":true,"extensionId":{"value":"dbaeumer.vscode-eslint","_lower":"dbaeumer.vscode-eslint"},"activationEvent":"*"}
[2022-03-31 17:07:30.155] [exthost] [info] ExtensionService#loadCommonJSModule file:///c:/node_modules/angular-ide/angular-ide/plugins/pack.core.win_3.6.0.202007171759/dbaeumer.vscode-eslint-1.9.0/client/out/extension
[2022-03-31 17:07:30.365] [exthost] [info] ExtensionService#_doActivateExtension vscode.debug-auto-launch {"startup":true,"extensionId":{"value":"vscode.debug-auto-launch","_lower":"vscode.debug-auto-launch"},"activationEvent":"*"}
[2022-03-31 17:07:30.365] [exthost] [info] ExtensionService#loadCommonJSModule file:///c:/node_modules/angular-ide/angular-ide/plugins/com.genuitec.eclipse.code.engine.app.win32.x86_64_3.6.0.202002212104/engine/resources/app/extensions/debug-auto-launch/dist/extension
[2022-03-31 17:07:30.385] [exthost] [info] ExtensionService#_doActivateExtension formulahendry.auto-close-tag {"startup":true,"extensionId":{"value":"formulahendry.auto-close-tag","_lower":"formulahendry.auto-close-tag"},"activationEvent":"*"}
[2022-03-31 17:07:30.385] [exthost] [info] ExtensionService#loadCommonJSModule file:///c:/node_modules/angular-ide/angular-ide/plugins/pack.core.win_3.6.0.202007171759/formulahendry.auto-close-tag-0.5.6/out/src/extension
[2022-03-31 17:07:30.408] [exthost] [info] eager extensions activated
[2022-03-31 17:07:42.704] [exthost] [info] extension host started
[2022-03-31 17:07:42.962] [exthost] [info] ExtensionService#_doActivateExtension vscode.grunt {"startup":false,"extensionId":{"value":"vscode.grunt","_lower":"vscode.grunt"},"activationEvent":"onCommand:workbench.action.tasks.runTask"}
[2022-03-31 17:07:42.967] [exthost] [info] ExtensionService#loadCommonJSModule file:///c:/node_modules/angular-ide/angular-ide/plugins/com.genuitec.eclipse.code.engine.app.win32.x86_64_3.6.0.202002212104/engine/resources/app/extensions/grunt/dist/main
[2022-03-31 17:07:42.988] [exthost] [info] ExtensionService#_doActivateExtension vscode.gulp {"startup":false,"extensionId":{"value":"vscode.gulp","_lower":"vscode.gulp"},"activationEvent":"onCommand:workbench.action.tasks.runTask"}
[2022-03-31 17:07:42.989] [exthost] [info] ExtensionService#loadCommonJSModule file:///c:/node_modules/angular-ide/angular-ide/plugins/com.genuitec.eclipse.code.engine.app.win32.x86_64_3.6.0.202002212104/engine/resources/app/extensions/gulp/dist/main
[2022-03-31 17:07:43.037] [exthost] [info] ExtensionService#_doActivateExtension vscode.jake {"startup":false,"extensionId":{"value":"vscode.jake","_lower":"vscode.jake"},"activationEvent":"onCommand:workbench.action.tasks.runTask"}
[2022-03-31 17:07:43.038] [exthost] [info] ExtensionService#loadCommonJSModule file:///c:/node_modules/angular-ide/angular-ide/plugins/com.genuitec.eclipse.code.engine.app.win32.x86_64_3.6.0.202002212104/engine/resources/app/extensions/jake/dist/main
[2022-03-31 17:07:43.053] [exthost] [info] ExtensionService#_doActivateExtension vscode.npm {"startup":false,"extensionId":{"value":"vscode.npm","_lower":"vscode.npm"},"activationEvent":"onCommand:workbench.action.tasks.runTask"}
[2022-03-31 17:07:43.054] [exthost] [info] ExtensionService#loadCommonJSModule file:///c:/node_modules/angular-ide/angular-ide/plugins/com.genuitec.eclipse.code.engine.app.win32.x86_64_3.6.0.202002212104/engine/resources/app/extensions/npm/dist/main
[2022-03-31 17:07:43.183] [exthost] [info] ExtensionService#_doActivateExtension vscode.typescript-language-features {"startup":false,"extensionId":{"value":"vscode.typescript-language-features","_lower":"vscode.typescript-language-features"},"activationEvent":"onCommand:workbench.action.tasks.runTask"}
[2022-03-31 17:07:43.183] [exthost] [info] ExtensionService#loadCommonJSModule file:///c:/node_modules/angular-ide/angular-ide/plugins/com.genuitec.eclipse.code.engine.app.win32.x86_64_3.6.0.202002212104/engine/resources/app/extensions/typescript-language-features/dist/extension
[2022-03-31 17:07:43.435] [exthost] [info] ExtensionService#_doActivateExtension vscode.configuration-editing {"startup":false,"extensionId":{"value":"vscode.configuration-editing","_lower":"vscode.configuration-editing"},"activationEvent":"onLanguage:jsonc"}
[2022-03-31 17:07:43.437] [exthost] [info] ExtensionService#loadCommonJSModule file:///c:/node_modules/angular-ide/angular-ide/plugins/com.genuitec.eclipse.code.engine.app.win32.x86_64_3.6.0.202002212104/engine/resources/app/extensions/configuration-editing/dist/extension
[2022-03-31 17:07:43.460] [exthost] [info] ExtensionService#_doActivateExtension vscode.json-language-features {"startup":false,"extensionId":{"value":"vscode.json-language-features","_lower":"vscode.json-language-features"},"activationEvent":"onLanguage:jsonc"}
[2022-03-31 17:07:43.461] [exthost] [info] ExtensionService#loadCommonJSModule file:///c:/node_modules/angular-ide/angular-ide/plugins/com.genuitec.eclipse.code.engine.app.win32.x86_64_3.6.0.202002212104/engine/resources/app/extensions/json-language-features/client/dist/jsonMain
[2022-03-31 17:07:43.943] [exthost] [info] ExtensionService#_doActivateExtension Angular.ng-template {"startup":false,"extensionId":{"value":"Angular.ng-template","_lower":"angular.ng-template"},"activationEvent":"onLanguage:typescript"}
[2022-03-31 17:07:43.950] [exthost] [info] ExtensionService#loadCommonJSModule file:///c:/node_modules/angular-ide/angular-ide/plugins/pack.angular.win_3.6.0.202007171759/Angular.ng-template-0.1000.2-cm/client
[2022-03-31 17:07:44.706] [exthost] [info] ExtensionService#_doActivateExtension vscode.extension-editing {"startup":false,"extensionId":{"value":"vscode.extension-editing","_lower":"vscode.extension-editing"},"activationEvent":"onLanguage:typescript"}
[2022-03-31 17:07:44.706] [exthost] [info] ExtensionService#loadCommonJSModule file:///c:/node_modules/angular-ide/angular-ide/plugins/com.genuitec.eclipse.code.engine.app.win32.x86_64_3.6.0.202002212104/engine/resources/app/extensions/extension-editing/dist/extension
[2022-03-31 17:07:44.848] [exthost] [info] ExtensionService#_doActivateExtension ms-vscode.vscode-typescript-tslint-plugin {"startup":false,"extensionId":{"value":"ms-vscode.vscode-typescript-tslint-plugin","_lower":"ms-vscode.vscode-typescript-tslint-plugin"},"activationEvent":"onLanguage:typescript"}
[2022-03-31 17:07:44.848] [exthost] [info] ExtensionService#loadCommonJSModule file:///c:/node_modules/angular-ide/angular-ide/plugins/pack.core.win_3.6.0.202007171759/ms-vscode.vscode-typescript-tslint-plugin-1.2.2/out/index.js
[2022-03-31 17:07:44.867] [exthost] [info] ExtensionService#_doActivateExtension vscode.markdown-language-features {"startup":false,"extensionId":{"value":"vscode.markdown-language-features","_lower":"vscode.markdown-language-features"},"activationEvent":"onLanguage:markdown"}
[2022-03-31 17:07:44.867] [exthost] [info] ExtensionService#loadCommonJSModule file:///c:/node_modules/angular-ide/angular-ide/plugins/com.genuitec.eclipse.code.engine.app.win32.x86_64_3.6.0.202002212104/engine/resources/app/extensions/markdown-language-features/dist/extension
[2022-03-31 17:07:45.171] [exthost] [info] ExtensionService#_doActivateExtension vscode.emmet {"startup":false,"extensionId":{"value":"vscode.emmet","_lower":"vscode.emmet"},"activationEvent":"onLanguage:html"}
[2022-03-31 17:07:45.172] [exthost] [info] ExtensionService#loadCommonJSModule file:///c:/node_modules/angular-ide/angular-ide/plugins/com.genuitec.eclipse.code.engine.app.win32.x86_64_3.6.0.202002212104/engine/resources/app/extensions/emmet/dist/extension
[2022-03-31 17:07:46.066] [exthost] [info] ExtensionService#_doActivateExtension vscode.html-language-features {"startup":false,"extensionId":{"value":"vscode.html-language-features","_lower":"vscode.html-language-features"},"activationEvent":"onLanguage:html"}
[2022-03-31 17:07:46.067] [exthost] [info] ExtensionService#loadCommonJSModule file:///c:/node_modules/angular-ide/angular-ide/plugins/com.genuitec.eclipse.code.engine.app.win32.x86_64_3.6.0.202002212104/engine/resources/app/extensions/html-language-features/client/dist/htmlMain
[2022-03-31 17:07:46.224] [exthost] [info] ExtensionService#_doActivateExtension mkaufman.HTMLHint {"startup":false,"extensionId":{"value":"mkaufman.HTMLHint","_lower":"mkaufman.htmlhint"},"activationEvent":"onLanguage:html"}
[2022-03-31 17:07:46.224] [exthost] [info] ExtensionService#loadCommonJSModule file:///c:/node_modules/angular-ide/angular-ide/plugins/pack.core.win_3.6.0.202007171759/mkaufman.HTMLHint-0.6.0/out/extension
[2022-03-31 17:07:46.826] [exthost] [info] ExtensionService#_doActivateExtension HookyQR.beautify {"startup":true,"extensionId":{"value":"HookyQR.beautify","_lower":"hookyqr.beautify"},"activationEvent":"*"}
[2022-03-31 17:07:46.827] [exthost] [info] ExtensionService#loadCommonJSModule file:///c:/node_modules/angular-ide/angular-ide/plugins/pack.core.win_3.6.0.202007171759/HookyQR.beautify-1.4.11/extension
[2022-03-31 17:07:47.728] [exthost] [info] ExtensionService#_doActivateExtension christian-kohler.path-intellisense {"startup":true,"extensionId":{"value":"christian-kohler.path-intellisense","_lower":"christian-kohler.path-intellisense"},"activationEvent":"*"}
[2022-03-31 17:07:47.729] [exthost] [info] ExtensionService#loadCommonJSModule file:///c:/node_modules/angular-ide/angular-ide/plugins/pack.core.win_3.6.0.202007171759/christian-kohler.path-intellisense-1.4.2/out/src/extension
[2022-03-31 17:07:47.956] [exthost] [info] ExtensionService#_doActivateExtension dbaeumer.vscode-eslint {"startup":true,"extensionId":{"value":"dbaeumer.vscode-eslint","_lower":"dbaeumer.vscode-eslint"},"activationEvent":"*"}
[2022-03-31 17:07:47.956] [exthost] [info] ExtensionService#loadCommonJSModule file:///c:/node_modules/angular-ide/angular-ide/plugins/pack.core.win_3.6.0.202007171759/dbaeumer.vscode-eslint-1.9.0/client/out/extension
[2022-03-31 17:07:48.235] [exthost] [info] ExtensionService#_doActivateExtension vscode.debug-auto-launch {"startup":true,"extensionId":{"value":"vscode.debug-auto-launch","_lower":"vscode.debug-auto-launch"},"activationEvent":"*"}
[2022-03-31 17:07:48.236] [exthost] [info] ExtensionService#loadCommonJSModule file:///c:/node_modules/angular-ide/angular-ide/plugins/com.genuitec.eclipse.code.engine.app.win32.x86_64_3.6.0.202002212104/engine/resources/app/extensions/debug-auto-launch/dist/extension
[2022-03-31 17:07:48.273] [exthost] [info] ExtensionService#_doActivateExtension formulahendry.auto-close-tag {"startup":true,"extensionId":{"value":"formulahendry.auto-close-tag","_lower":"formulahendry.auto-close-tag"},"activationEvent":"*"}
[2022-03-31 17:07:48.275] [exthost] [info] ExtensionService#loadCommonJSModule file:///c:/node_modules/angular-ide/angular-ide/plugins/pack.core.win_3.6.0.202007171759/formulahendry.auto-close-tag-0.5.6/out/src/extension
[2022-03-31 17:07:48.885] [exthost] [info] eager extensions activated
